<?xml version="1.0" encoding="UTF-8"?>
<!-- Generated by org.testng.reporters.JUnitReportReporter -->
<testsuite skipped="0" hostname="LAPTOP-FTD63608" name="qaclickacademy.RESTAPITest" tests="2" failures="0" timestamp="15 May 2020 07:10:06 GMT" time="0.002" errors="0">
  <testcase name="postJira" time="0.000" classname="qaclickacademy.RESTAPITest"/>
  <testcase name="deleteTwitter" time="0.002" classname="qaclickacademy.RESTAPITest"/>
</testsuite> <!-- qaclickacademy.RESTAPITest -->
